# Logfile created on 2014-06-17 21:51:55 +0000 by logger.rb/31641
I, [2014-06-17T21:51:55.555445 #2928]  INFO -- : 0:  i18n (0.6.1) from /home/vagrant/.rvm/gems/ruby-1.9.3-p484/specifications/i18n-0.6.1.gemspec
I, [2014-06-17T21:51:55.556378 #2928]  INFO -- : 0:  multi_json (1.8.2) from /home/vagrant/.rvm/gems/ruby-1.9.3-p484/specifications/multi_json-1.8.2.gemspec
I, [2014-06-17T21:51:55.557074 #2928]  INFO -- : 0:  activesupport (3.2.13) from /home/vagrant/.rvm/gems/ruby-1.9.3-p484/specifications/activesupport-3.2.13.gemspec
I, [2014-06-17T21:51:55.558081 #2928]  INFO -- : 0:  timers (1.1.0) from /home/vagrant/.rvm/gems/ruby-1.9.3-p484/specifications/timers-1.1.0.gemspec
I, [2014-06-17T21:51:55.559750 #2928]  INFO -- : 0:  celluloid (0.15.2) from /home/vagrant/.rvm/gems/ruby-1.9.3-p484/specifications/celluloid-0.15.2.gemspec
I, [2014-06-17T21:51:55.560957 #2928]  INFO -- : 0:  coderay (1.1.0) from /home/vagrant/.rvm/gems/ruby-1.9.3-p484/specifications/coderay-1.1.0.gemspec
I, [2014-06-17T21:51:55.561856 #2928]  INFO -- : 0:  diff-lcs (1.2.5) from /home/vagrant/.rvm/gems/ruby-1.9.3-p484/specifications/diff-lcs-1.2.5.gemspec
I, [2014-06-17T21:51:55.562778 #2928]  INFO -- : 0:  ffi (1.9.3) from /home/vagrant/.rvm/gems/ruby-1.9.3-p484/specifications/ffi-1.9.3.gemspec
I, [2014-06-17T21:51:55.563688 #2928]  INFO -- : 0:  formatador (0.2.5) from /home/vagrant/.rvm/gems/ruby-1.9.3-p484/specifications/formatador-0.2.5.gemspec
I, [2014-06-17T21:51:55.564530 #2928]  INFO -- : 0:  rb-fsevent (0.9.4) from /home/vagrant/.rvm/gems/ruby-1.9.3-p484/specifications/rb-fsevent-0.9.4.gemspec
I, [2014-06-17T21:51:55.565483 #2928]  INFO -- : 0:  rb-inotify (0.9.5) from /home/vagrant/.rvm/gems/ruby-1.9.3-p484/specifications/rb-inotify-0.9.5.gemspec
I, [2014-06-17T21:51:55.566292 #2928]  INFO -- : 0:  listen (2.7.8) from /home/vagrant/.rvm/gems/ruby-1.9.3-p484/specifications/listen-2.7.8.gemspec
I, [2014-06-17T21:51:55.567192 #2928]  INFO -- : 0:  lumberjack (1.0.6) from /home/vagrant/.rvm/gems/ruby-1.9.3-p484/specifications/lumberjack-1.0.6.gemspec
I, [2014-06-17T21:51:55.568151 #2928]  INFO -- : 0:  method_source (0.8.2) from /home/vagrant/.rvm/gems/ruby-1.9.3-p484/specifications/method_source-0.8.2.gemspec
I, [2014-06-17T21:51:55.569102 #2928]  INFO -- : 0:  slop (3.5.0) from /home/vagrant/.rvm/gems/ruby-1.9.3-p484/specifications/slop-3.5.0.gemspec
I, [2014-06-17T21:51:55.569947 #2928]  INFO -- : 0:  pry (0.10.0) from /home/vagrant/.rvm/gems/ruby-1.9.3-p484/specifications/pry-0.10.0.gemspec
I, [2014-06-17T21:51:55.570945 #2928]  INFO -- : 0:  thor (0.19.1) from /home/vagrant/.rvm/gems/ruby-1.9.3-p484/specifications/thor-0.19.1.gemspec
I, [2014-06-17T21:51:55.571816 #2928]  INFO -- : 0:  guard (2.6.1) from /home/vagrant/.rvm/gems/ruby-1.9.3-p484/specifications/guard-2.6.1.gemspec
I, [2014-06-17T21:51:55.572764 #2928]  INFO -- : 0:  rspec-support (3.0.0) from /home/vagrant/.rvm/gems/ruby-1.9.3-p484/specifications/rspec-support-3.0.0.gemspec
I, [2014-06-17T21:51:55.573815 #2928]  INFO -- : 0:  rspec-core (3.0.1) from /home/vagrant/.rvm/gems/ruby-1.9.3-p484/specifications/rspec-core-3.0.1.gemspec
I, [2014-06-17T21:51:55.574609 #2928]  INFO -- : 0:  rspec-expectations (3.0.1) from /home/vagrant/.rvm/gems/ruby-1.9.3-p484/specifications/rspec-expectations-3.0.1.gemspec
I, [2014-06-17T21:51:55.575419 #2928]  INFO -- : 0:  rspec-mocks (3.0.1) from /home/vagrant/.rvm/gems/ruby-1.9.3-p484/specifications/rspec-mocks-3.0.1.gemspec
I, [2014-06-17T21:51:55.576368 #2928]  INFO -- : 0:  rspec (3.0.0) from /home/vagrant/.rvm/gems/ruby-1.9.3-p484/specifications/rspec-3.0.0.gemspec
I, [2014-06-17T21:51:55.577087 #2928]  INFO -- : 0:  guard-rspec (4.2.10) from /home/vagrant/.rvm/gems/ruby-1.9.3-p484/specifications/guard-rspec-4.2.10.gemspec
I, [2014-06-17T21:51:55.578187 #2928]  INFO -- : 0:  bundler (1.5.1) from /home/vagrant/.rvm/gems/ruby-1.9.3-p484@global/specifications/bundler-1.5.1.gemspec
